  Source.cpp
Source.obj : error LNK2019: unresolved external symbol __imp___glutInitWithExit referenced in function glutInit_ATEXIT_HACK
Source.obj : error LNK2019: unresolved external symbol __imp_glutInitDisplayMode referenced in function main
Source.obj : error LNK2019: unresolved external symbol __imp_glutInitWindowSize referenced in function main
Source.obj : error LNK2019: unresolved external symbol __imp_glutMainLoop referenced in function main
Source.obj : error LNK2019: unresolved external symbol __imp___glutCreateWindowWithExit referenced in function glutCreateWindow_ATEXIT_HACK
Source.obj : error LNK2019: unresolved external symbol __imp_glutPostRedisplay referenced in function "void __cdecl timer(int)" (?timer@@YAXH@Z)
Source.obj : error LNK2019: unresolved external symbol __imp_glutSwapBuffers referenced in function "void __cdecl draw(void)" (?draw@@YAXXZ)
Source.obj : error LNK2019: unresolved external symbol __imp_glutPositionWindow referenced in function "void __cdecl keySpecialdown(int,int,int)" (?keySpecialdown@@YAXHHH@Z)
Source.obj : error LNK2019: unresolved external symbol __imp_glutReshapeWindow referenced in function "void __cdecl keySpecialdown(int,int,int)" (?keySpecialdown@@YAXHHH@Z)
Source.obj : error LNK2019: unresolved external symbol __imp_glutFullScreen referenced in function "void __cdecl keySpecialdown(int,int,int)" (?keySpecialdown@@YAXHHH@Z)
Source.obj : error LNK2019: unresolved external symbol __imp_glutDisplayFunc referenced in function main
Source.obj : error LNK2019: unresolved external symbol __imp_glutReshapeFunc referenced in function main
Source.obj : error LNK2019: unresolved external symbol __imp_glutKeyboardFunc referenced in function main
Source.obj : error LNK2019: unresolved external symbol __imp_glutMouseFunc referenced in function main
Source.obj : error LNK2019: unresolved external symbol __imp_glutTimerFunc referenced in function "void __cdecl timer(int)" (?timer@@YAXH@Z)
Source.obj : error LNK2019: unresolved external symbol __imp_glutSpecialFunc referenced in function main
Source.obj : error LNK2019: unresolved external symbol __imp_glutBitmapCharacter referenced in function "void __cdecl drawString(void)" (?drawString@@YAXXZ)
E:\Programs\Visual Studio\Set Up IDE\VC\Tools\MSVC\14.34.31933\lib\x64\glut32.lib : warning LNK4272: library machine type 'x86' conflicts with target machine type 'x64'
C:\Users\makany\OneDrive\Desktop\Finally\CG Final Project\x64\Debug\CG Final Project.exe : fatal error LNK1120: 17 unresolved externals
